application_logger.pyc             : INFO     Logging configuration: Console[DEBUG] File[VERBOSE] Logfile[/home/pi/share/logs/applicationserver_2016-10-24_212716.log]
ServiceInvoker.pyc                 : INFO     Invoke services
ServiceInvoker.pyc                 : DEBUG    Failed to start service tdtool
TelldusSensorService.pyc           : INFO     Starting service
ServiceInvoker.pyc                 : INFO     Starting service [TelldusSensorService] Service key[TelldusSensorService]
TelldusService.pyc                 : INFO     Starting service
ServiceInvoker.pyc                 : INFO     Starting service [TelldusService] Service key[telldus]
ActiveScenesMonitorService.pyc     : INFO     Starting service
ServiceInvoker.pyc                 : INFO     Starting service [ActiveScenesMonitorService] Service key[ActiveScenesMonitorService]
UpsService.pyc                     : INFO     Starting service
ServiceInvoker.pyc                 : INFO     Starting service [UpsService] Service key[Ups]
TtsService.pyc                     : INFO     Starting service
ServiceInvoker.pyc                 : INFO     Starting service [TtsService] Service key[tts]
Mp3ProviderService.pyc             : INFO     Starting service
ServiceInvoker.pyc                 : INFO     Starting service [Mp3ProviderService] Service key[mp3]
SpeedtestService.pyc               : INFO     Starting service
ServiceInvoker.pyc                 : INFO     Starting service [SpeedtestService] Service key[speedtest]
AuthenticationService.pyc          : INFO     Starting service
ServiceInvoker.pyc                 : INFO     Starting service [AuthenticationService] Service key[authenticate]
PresenceMgrService.pyc             : INFO     Starting service
ServiceInvoker.pyc                 : INFO     Starting service [PresenceMgrService] Service key[presence]
ServiceInvoker.pyc                 : DEBUG    Failed to start service phone_status
ServiceInvoker.pyc                 : DEBUG    Failed to start service url_helper
LogReceiverService.pyc             : INFO     Starting service
ServiceInvoker.pyc                 : INFO     Starting service [LogReceiverService] Service key[LogEntry]
ServiceInvoker.pyc                 : DEBUG    Failed to start service HtmlService
PictureService.pyc                 : INFO     Starting service
ServiceInvoker.pyc                 : INFO     Starting service [PictureService] Service key[TakePicture]
DailyQuoteService.pyc              : INFO     Starting service
ServiceInvoker.pyc                 : INFO     Starting service [DailyQuoteService] Service key[DailyQuote]
AudioService.pyc                   : INFO     Starting service
ServiceInvoker.pyc                 : INFO     Starting service [AudioService] Service key[AudioService]
applicationserver.py               : INFO     Starting server on host port[8080] 
